<?xml version="1.0" encoding="UTF-8"?>
<testsuite name="com.neutrinosys.peopledb.repository.PeopleRepositoryTests" tests="2" skipped="0" failures="0" errors="0" timestamp="2022-12-15T06:42:56" hostname="DESKTOP-4CLI4SV" time="0.381">
  <properties/>
  <testcase name="canSaveTwoPeople()" classname="com.neutrinosys.peopledb.repository.PeopleRepositoryTests" time="0.373"/>
  <testcase name="canSaveOnePerson()" classname="com.neutrinosys.peopledb.repository.PeopleRepositoryTests" time="0.007"/>
  <system-out><![CDATA[Records affected: 1
Records affected: 1
Records affected: 1
]]></system-out>
  <system-err><![CDATA[]]></system-err>
</testsuite>
