<?xml version="1.0" encoding="UTF-8"?>
<testsuite name="com.neutrinosys.peopledb.repository.PeopleRepositoryTests" tests="1" skipped="0" failures="0" errors="0" timestamp="2022-12-18T07:29:39" hostname="DESKTOP-4CLI4SV" time="0.419">
  <properties/>
  <testcase name="canFindPersonById()" classname="com.neutrinosys.peopledb.repository.PeopleRepositoryTests" time="0.419"/>
  <system-out><![CDATA[Person{id=59, firstName='test', lastName='jackson', dob=2022-12-18T00:29:39.973016-07:00[America/Denver]}
Records affected: 1
]]></system-out>
  <system-err><![CDATA[]]></system-err>
</testsuite>
